<?xml version="1.0" encoding="UTF-8"?>
<!-- Generated by org.testng.reporters.JUnitReportReporter -->
<testsuite hostname="PIKASAT" failures="0" tests="3" name="testNGPackage.DataProviderClass" time="18.132" errors="0" timestamp="2023-09-20T10:49:48 EDT" skipped="0">
  <testcase classname="testNGPackage.DataProviderClass" name="checking" time="6.766"/>
  <testcase classname="testNGPackage.DataProviderClass" name="checking" time="4.533"/>
  <testcase classname="testNGPackage.DataProviderClass" name="checking" time="6.833"/>
</testsuite> <!-- testNGPackage.DataProviderClass -->
