<?xml version="1.0" encoding="UTF-8"?>
<!-- Generated by org.testng.reporters.JUnitReportReporter -->
<testsuite hostname="PIKASAT" failures="0" tests="1" name="testNGPackage.NewTest1" time="0.008" errors="0" timestamp="2023-09-12T10:18:13 EDT" skipped="0">
  <testcase classname="testNGPackage.NewTest1" name="f" time="0.008"/>
</testsuite> <!-- testNGPackage.NewTest1 -->
