<?xml version="1.0" encoding="UTF-8"?>
<!-- Generated by org.testng.reporters.JUnitReportReporter -->
<testsuite hostname="PIKASAT" failures="0" tests="2" name="testNGPackage.AssertEqualCompare" time="7.372" errors="0" timestamp="2023-09-20T11:05:10 EDT" skipped="0">
  <testcase classname="testNGPackage.AssertEqualCompare" name="performLogin" time="5.315"/>
  <testcase classname="testNGPackage.AssertEqualCompare" name="assertHomePage" time="2.057"/>
</testsuite> <!-- testNGPackage.AssertEqualCompare -->
