<?xml version="1.0" encoding="UTF-8"?>
<!-- Generated by org.testng.reporters.JUnitReportReporter -->
<testsuite hostname="PIKASAT" failures="0" tests="2" name="testNGPackage.BeforeafterClass" time="9.525" errors="0" timestamp="2023-09-12T11:58:33 EDT" skipped="0">
  <testcase classname="testNGPackage.BeforeafterClass" name="performLogin" time="7.363"/>
  <testcase classname="testNGPackage.BeforeafterClass" name="assertHomePage" time="2.162"/>
</testsuite> <!-- testNGPackage.BeforeafterClass -->
