<?xml version="1.0" encoding="UTF-8"?>
<!-- Generated by org.testng.reporters.JUnitReportReporter -->
<testsuite hostname="PIKASAT" failures="0" tests="3" name="testNGPackage.OpenWebsite" time="17.470" errors="0" timestamp="2023-09-12T10:19:46 EDT" skipped="0">
  <testcase classname="testNGPackage.OpenWebsite" name="openingCnbcSite" time="5.645"/>
  <testcase classname="testNGPackage.OpenWebsite" name="openingYahooSite" time="5.495"/>
  <testcase classname="testNGPackage.OpenWebsite" name="openingAmazonSite" time="6.330"/>
</testsuite> <!-- testNGPackage.OpenWebsite -->
