<?xml version="1.0" encoding="UTF-8"?>
<!-- Generated by org.testng.reporters.JUnitReportReporter -->
<testsuite hostname="PIKASAT" failures="0" tests="1" name="testNGPackage.NewTest1" time="0.027" errors="0" timestamp="2023-08-30T10:57:27 EDT" skipped="0">
  <testcase classname="testNGPackage.NewTest1" name="f" time="0.027"/>
</testsuite> <!-- testNGPackage.NewTest1 -->
