<?xml version="1.0" encoding="UTF-8"?>
<!-- Generated by org.testng.reporters.JUnitReportReporter -->
<testsuite hostname="PIKASAT" failures="0" tests="2" name="testNGPackage.TimeOut" time="1.036" errors="1" timestamp="2023-09-20T11:09:33 EDT" skipped="0">
  <testcase classname="testNGPackage.TimeOut" name="waitFor2Seconds" time="1.016">
    <error message="Method testNGPackage.TimeOut.waitFor2Seconds() didn&#039;t finish within the time-out 1000" type="org.testng.internal.thread.ThreadTimeoutException">
      <![CDATA[org.testng.internal.thread.ThreadTimeoutException: Method testNGPackage.TimeOut.waitFor2Seconds() didn't finish within the time-out 1000
at java.base@17.0.7/java.lang.Thread.sleep(Native Method)
at app//testNGPackage.TimeOut.waitFor2Seconds(TimeOut.java:11)
at java.base@17.0.7/jdk.internal.reflect.NativeMethodAccessorImpl.invoke0(Native Method)
at java.base@17.0.7/jdk.internal.reflect.NativeMethodAccessorImpl.invoke(NativeMethodAccessorImpl.java:77)
at java.base@17.0.7/jdk.internal.reflect.DelegatingMethodAccessorImpl.invoke(DelegatingMethodAccessorImpl.java:43)
at java.base@17.0.7/java.lang.reflect.Method.invoke(Method.java:568)
at app//org.testng.internal.invokers.MethodInvocationHelper.invokeMethod(MethodInvocationHelper.java:139)
at app//org.testng.internal.invokers.InvokeMethodRunnable.runOne(InvokeMethodRunnable.java:47)
at app//org.testng.internal.invokers.InvokeMethodRunnable.call(InvokeMethodRunnable.java:76)
at app//org.testng.internal.invokers.InvokeMethodRunnable.call(InvokeMethodRunnable.java:11)
at java.base@17.0.7/java.util.concurrent.FutureTask.run(FutureTask.java:264)
at java.base@17.0.7/java.util.concurrent.ThreadPoolExecutor.runWorker(ThreadPoolExecutor.java:1136)
at java.base@17.0.7/java.util.concurrent.ThreadPoolExecutor$Worker.run(ThreadPoolExecutor.java:635)
at java.base@17.0.7/java.lang.Thread.run(Thread.java:833)
]]>
    </error>
  </testcase> <!-- waitFor2Seconds -->
  <testcase classname="testNGPackage.TimeOut" name="simplePrint" time="0.020"/>
</testsuite> <!-- testNGPackage.TimeOut -->
